<?xml version="1.0" encoding="UTF-8"?>
<!-- Generated by org.testng.reporters.JUnitReportReporter -->
<testsuite hostname="LAPTOP-RPU5051R" name="baseMay.TestA" tests="1" failures="0" timestamp="9 May 2020 15:29:35 GMT" time="17.854" errors="0">
  <testcase name="testA" time="17.854" classname="baseMay.TestA"/>
</testsuite> <!-- baseMay.TestA -->
